生成启动时间为 2017/4/5 19:20:39。
     1>项目“C:\Users\94759\Desktop\Document\C++\扫雷多选项\扫雷多选项\扫雷多选项.vcxproj”在节点 2 上(Rebuild 个目标)。
     1>ClCompile:
         E:\Program Files (x86)\Microsoft Visual Studio 14.0\VC\bin\CL.exe /c /ZI /nologo /W3 /WX- /Od /Oy- /D WIN32 /D _DEBUG /D _WINDOWS /D _MBCS /Gm /EHsc /RTC1 /MDd /GS /fp:precise /Zc:wchar_t /Zc:forScope /Zc:inline /Fo"Debug\\" /Fd"Debug\vc140.pdb" /Gd /TP /analyze- /errorReport:prompt main.cpp Matrix.cpp OwnFun.cpp Player.cpp Tableau.cpp
         Tableau.cpp
         Player.cpp
         OwnFun.cpp
         Matrix.cpp
         main.cpp
         正在生成代码...
       ResourceCompile:
         C:\Program Files (x86)\Windows Kits\8.1\bin\x86\rc.exe /l"0x0409" /nologo /fo"Debug\扫雷多选项.res" "扫雷多选项.rc" 
       Link:
         E:\Program Files (x86)\Microsoft Visual Studio 14.0\VC\bin\link.exe /ERRORREPORT:PROMPT /OUT:"C:\Users\94759\Desktop\Document\C++\扫雷多选项\Debug\扫雷多选项.exe" /INCREMENTAL /NOLOGO kernel32.lib user32.lib gdi32.lib winspool.lib comdlg32.lib advapi32.lib shell32.lib ole32.lib oleaut32.lib uuid.lib odbc32.lib odbccp32.lib /MANIFEST /MANIFESTUAC:"level='asInvoker' uiAccess='false'" /manifest:embed /Debug /PDB:"C:\Users\94759\Desktop\Document\C++\扫雷多选项\Debug\扫雷多选项.pdb" /SUBSYSTEM:WINDOWS /TLBID:1 /DYNAMICBASE /NXCOMPAT /IMPLIB:"C:\Users\94759\Desktop\Document\C++\扫雷多选项\Debug\扫雷多选项.lib" /MACHINE:X86 "Debug\扫雷多选项.res"
         Debug\main.obj
         Debug\Matrix.obj
         Debug\OwnFun.obj
         Debug\Player.obj
         Debug\Tableau.obj
         扫雷多选项.vcxproj -> C:\Users\94759\Desktop\Document\C++\扫雷多选项\Debug\扫雷多选项.exe
     1>已完成生成项目“C:\Users\94759\Desktop\Document\C++\扫雷多选项\扫雷多选项\扫雷多选项.vcxproj”(Rebuild 个目标)的操作。

已成功生成。

已用时间 00:00:03.42
