c:\users\94759\desktop\document\c++\扫雷多选项\扫雷多选项\debug\vc140.pdb
c:\users\94759\desktop\document\c++\扫雷多选项\扫雷多选项\debug\vc140.idb
c:\users\94759\desktop\document\c++\扫雷多选项\扫雷多选项\debug\main.obj
c:\users\94759\desktop\document\c++\扫雷多选项\扫雷多选项\debug\matrix.obj
c:\users\94759\desktop\document\c++\扫雷多选项\扫雷多选项\debug\ownfun.obj
c:\users\94759\desktop\document\c++\扫雷多选项\扫雷多选项\debug\player.obj
c:\users\94759\desktop\document\c++\扫雷多选项\扫雷多选项\debug\tableau.obj
c:\users\94759\desktop\document\c++\扫雷多选项\debug\扫雷多选项.ilk
c:\users\94759\desktop\document\c++\扫雷多选项\debug\扫雷多选项.exe
c:\users\94759\desktop\document\c++\扫雷多选项\debug\扫雷多选项.pdb
c:\users\94759\desktop\document\c++\扫雷多选项\扫雷多选项\debug\扫雷多选项.res
c:\users\94759\desktop\document\c++\扫雷多选项\扫雷多选项\debug\扫雷多选项.tlog\cl.command.1.tlog
c:\users\94759\desktop\document\c++\扫雷多选项\扫雷多选项\debug\扫雷多选项.tlog\cl.read.1.tlog
c:\users\94759\desktop\document\c++\扫雷多选项\扫雷多选项\debug\扫雷多选项.tlog\cl.write.1.tlog
c:\users\94759\desktop\document\c++\扫雷多选项\扫雷多选项\debug\扫雷多选项.tlog\link.command.1.tlog
c:\users\94759\desktop\document\c++\扫雷多选项\扫雷多选项\debug\扫雷多选项.tlog\link.read.1.tlog
c:\users\94759\desktop\document\c++\扫雷多选项\扫雷多选项\debug\扫雷多选项.tlog\link.write.1.tlog
c:\users\94759\desktop\document\c++\扫雷多选项\扫雷多选项\debug\扫雷多选项.tlog\rc.command.1.tlog
c:\users\94759\desktop\document\c++\扫雷多选项\扫雷多选项\debug\扫雷多选项.tlog\rc.read.1.tlog
c:\users\94759\desktop\document\c++\扫雷多选项\扫雷多选项\debug\扫雷多选项.tlog\rc.write.1.tlog
